info Installing the app...
> Task :gradle-plugin:settings-plugin:checkKotlinGradlePluginConfigurationErrors SKIPPED
> Task :gradle-plugin:shared:checkKotlinGradlePluginConfigurationErrors SKIPPED
> Task :gradle-plugin:shared:compileKotlin UP-TO-DATE
> Task :gradle-plugin:shared:compileJava NO-SOURCE
> Task :gradle-plugin:shared:processResources NO-SOURCE
> Task :gradle-plugin:shared:classes UP-TO-DATE
> Task :gradle-plugin:shared:jar UP-TO-DATE
> Task :gradle-plugin:settings-plugin:compileKotlin UP-TO-DATE
> Task :gradle-plugin:settings-plugin:compileJava NO-SOURCE
> Task :gradle-plugin:settings-plugin:pluginDescriptors UP-TO-DATE
> Task :gradle-plugin:settings-plugin:processResources UP-TO-DATE
> Task :gradle-plugin:settings-plugin:classes UP-TO-DATE
> Task :gradle-plugin:settings-plugin:jar UP-TO-DATE
> Task :gradle-plugin:react-native-gradle-plugin:checkKotlinGradlePluginConfigurationErrors SKIPPED
> Task :gradle-plugin:react-native-gradle-plugin:compileKotlin UP-TO-DATE
> Task :gradle-plugin:react-native-gradle-plugin:compileJava NO-SOURCE
> Task :gradle-plugin:react-native-gradle-plugin:pluginDescriptors UP-TO-DATE
> Task :gradle-plugin:react-native-gradle-plugin:processResources UP-TO-DATE
> Task :gradle-plugin:react-native-gradle-plugin:classes UP-TO-DATE
> Task :gradle-plugin:react-native-gradle-plugin:jar UP-TO-DATE

> Configure project :react-native-video
Kotlin version is correct: 2.1.20
AndroidX version is correct: 1.9.3
useExoplayerIMA: false
useExoplayerSmoothStreaming: true
useExoplayerDash: true
useExoplayerHls: true
useExoplayerRtsp: false
buildFromSource: false

> Task :app:checkKotlinGradlePluginConfigurationErrors SKIPPED
> Task :app:generateAutolinkingNewArchitectureFiles
> Task :app:generateAutolinkingPackageList
> Task :app:generateCodegenSchemaFromJavaScript SKIPPED
> Task :app:generateCodegenArtifactsFromSchema SKIPPED
> Task :app:generateReactNativeEntryPoint
> Task :react-native-safe-area-context:generateCodegenSchemaFromJavaScript UP-TO-DATE
> Task :react-native-safe-area-context:generateCodegenArtifactsFromSchema UP-TO-DATE
> Task :react-native-safe-area-context:preBuild UP-TO-DATE
> Task :react-native-video:preBuild UP-TO-DATE
> Task :app:preBuild
> Task :app:preDebugBuild
> Task :app:generateDebugBuildConfig UP-TO-DATE
> Task :react-native-safe-area-context:preDebugBuild UP-TO-DATE
> Task :react-native-safe-area-context:writeDebugAarMetadata UP-TO-DATE
> Task :react-native-video:preDebugBuild UP-TO-DATE
> Task :react-native-video:writeDebugAarMetadata
> Task :app:generateDebugResValues UP-TO-DATE
> Task :react-native-safe-area-context:generateDebugResValues UP-TO-DATE
> Task :react-native-safe-area-context:generateDebugResources UP-TO-DATE
> Task :react-native-safe-area-context:packageDebugResources UP-TO-DATE
> Task :react-native-video:generateDebugResValues
> Task :react-native-video:generateDebugResources
> Task :react-native-video:packageDebugResources
> Task :app:mapDebugSourceSetPaths
> Task :app:generateDebugResources UP-TO-DATE
> Task :app:checkDebugAarMetadata
> Task :app:packageDebugResources UP-TO-DATE
> Task :app:parseDebugLocalResources UP-TO-DATE
> Task :app:createDebugCompatibleScreenManifests UP-TO-DATE
> Task :app:extractDeepLinksDebug UP-TO-DATE
> Task :react-native-safe-area-context:extractDeepLinksDebug UP-TO-DATE
> Task :react-native-safe-area-context:processDebugManifest UP-TO-DATE
> Task :react-native-video:extractDeepLinksDebug
> Task :react-native-safe-area-context:compileDebugLibraryResources UP-TO-DATE
> Task :react-native-safe-area-context:parseDebugLocalResources UP-TO-DATE
> Task :react-native-video:processDebugManifest
> Task :react-native-safe-area-context:generateDebugRFile UP-TO-DATE
> Task :app:mergeDebugResources
> Task :app:processDebugMainManifest
> Task :app:processDebugManifest
> Task :react-native-video:compileDebugLibraryResources
> Task :react-native-safe-area-context:checkKotlinGradlePluginConfigurationErrors SKIPPED
> Task :react-native-safe-area-context:generateDebugBuildConfig UP-TO-DATE
> Task :react-native-video:parseDebugLocalResources
> Task :react-native-safe-area-context:compileDebugKotlin UP-TO-DATE
> Task :react-native-safe-area-context:javaPreCompileDebug UP-TO-DATE
> Task :react-native-video:generateDebugRFile
> Task :react-native-safe-area-context:compileDebugJavaWithJavac UP-TO-DATE
> Task :react-native-safe-area-context:bundleLibCompileToJarDebug UP-TO-DATE
> Task :react-native-video:checkKotlinGradlePluginConfigurationErrors SKIPPED
> Task :react-native-video:generateDebugBuildConfig
> Task :react-native-video:javaPreCompileDebug
> Task :app:javaPreCompileDebug UP-TO-DATE
> Task :app:mergeDebugShaders UP-TO-DATE
> Task :app:compileDebugShaders NO-SOURCE
> Task :app:generateDebugAssets UP-TO-DATE
> Task :react-native-safe-area-context:mergeDebugShaders UP-TO-DATE
> Task :react-native-safe-area-context:compileDebugShaders NO-SOURCE
> Task :react-native-safe-area-context:generateDebugAssets UP-TO-DATE
> Task :react-native-safe-area-context:mergeDebugAssets UP-TO-DATE
> Task :react-native-video:mergeDebugShaders
> Task :react-native-video:compileDebugShaders NO-SOURCE
> Task :react-native-video:generateDebugAssets UP-TO-DATE
> Task :react-native-video:mergeDebugAssets
> Task :app:mergeDebugAssets UP-TO-DATE
> Task :app:compressDebugAssets UP-TO-DATE
> Task :react-native-safe-area-context:bundleLibRuntimeToJarDebug UP-TO-DATE
> Task :app:desugarDebugFileDependencies UP-TO-DATE
> Task :react-native-safe-area-context:processDebugJavaRes UP-TO-DATE
> Task :app:processDebugManifestForPackage
> Task :react-native-safe-area-context:bundleLibRuntimeToDirDebug UP-TO-DATE
> Task :app:configureCMakeDebug[arm64-v8a]
> Task :app:checkDebugDuplicateClasses
> Task :app:processDebugResources

> Task :react-native-video:compileDebugKotlin
w: file:///home/alisher/basecamp/modules/receiver-android/node_modules/react-native-video/android/src/main/java/com/brentvatne/common/react/VideoEventEmitter.kt:97:42 'fun getEventDispatcherForReactTag(context: ReactContext, reactTag: Int): EventDispatcher?' is deprecated. reactTag is no longer needed.
w: file:///home/alisher/basecamp/modules/receiver-android/node_modules/react-native-video/android/src/main/java/com/brentvatne/exoplayer/DRMManager.kt:21:18 'static field SDK_INT: Int' is deprecated. Deprecated in Java.
w: file:///home/alisher/basecamp/modules/receiver-android/node_modules/react-native-video/android/src/main/java/com/brentvatne/exoplayer/DataSourceUtil.kt:64:23 'constructor(reactContext: ReactContext): ForwardingCookieHandler' is deprecated. Use the default constructor.
w: file:///home/alisher/basecamp/modules/receiver-android/node_modules/react-native-video/android/src/main/java/com/brentvatne/exoplayer/ExoPlayerView.kt:49:9 'fun setUseArtwork(p0: Boolean): Unit' is deprecated. Deprecated in Java.
w: file:///home/alisher/basecamp/modules/receiver-android/node_modules/react-native-video/android/src/main/java/com/brentvatne/exoplayer/VideoPlaybackService.kt:38:48 'constructor(): CommandButton.Builder' is deprecated. Deprecated in Java.
w: file:///home/alisher/basecamp/modules/receiver-android/node_modules/react-native-video/android/src/main/java/com/brentvatne/exoplayer/VideoPlaybackService.kt:41:10 'fun setIconResId(p0: Int): CommandButton.Builder' is deprecated. Deprecated in Java.
w: file:///home/alisher/basecamp/modules/receiver-android/node_modules/react-native-video/android/src/main/java/com/brentvatne/exoplayer/VideoPlaybackService.kt:45:49 'constructor(): CommandButton.Builder' is deprecated. Deprecated in Java.
w: file:///home/alisher/basecamp/modules/receiver-android/node_modules/react-native-video/android/src/main/java/com/brentvatne/exoplayer/VideoPlaybackService.kt:48:10 'fun setIconResId(p0: Int): CommandButton.Builder' is deprecated. Deprecated in Java.
w: file:///home/alisher/basecamp/modules/receiver-android/node_modules/react-native-video/android/src/main/java/com/brentvatne/react/ReactVideoPackage.kt:14:18 This declaration overrides a deprecated member but is not marked as deprecated itself. Add the '@Deprecated' annotation or suppress the diagnostic.
w: file:///home/alisher/basecamp/modules/receiver-android/node_modules/react-native-video/android/src/main/java/com/brentvatne/react/VideoManagerModule.kt:23:106 'val DEFAULT: Int' is deprecated. UIManagerType.DEFAULT will be deleted in the next release of React Native. Use [LEGACY] instead.

> Task :app:buildCMakeDebug[arm64-v8a]

> Task :react-native-video:compileDebugJavaWithJavac

> Task :react-native-video:bundleLibCompileToJarDebug
> Task :react-native-video:processDebugJavaRes
> Task :react-native-video:bundleLibRuntimeToJarDebug

> Task :app:compileDebugKotlin FAILED

> Task :app:mergeExtDexDebug

[Incubating] Problems report is available at: file:///home/alisher/basecamp/modules/receiver-android/android/build/reports/problems/problems-report.html

Deprecated Gradle features were used in this build, making it incompatible with Gradle 10.

You can use '--warning-mode all' to show the individual deprecation warnings and determine if they come from your own scripts or plugins.

For more on this, please refer to https://docs.gradle.org/9.3.1/userguide/command_line_interface.html#sec:command_line_warnings in the Gradle documentation.
76 actionable tasks: 33 executed, 43 up-to-date

info 💡 Tip: Make sure that you have set up your development environment correctly, by running npx react-native doctor. To read more about doctor command visit: https://github.com/react-native-community/cli/blob/main/packages/cli-doctor/README.md#doctor 

Note: Some input files use or override a deprecated API.
Note: Recompile with -Xlint:deprecation for details.
Note: /home/alisher/basecamp/modules/receiver-android/node_modules/react-native-video/android/src/main/java/com/brentvatne/exoplayer/ReactExoplayerView.java uses unchecked or unsafe operations.
Note: Recompile with -Xlint:unchecked for details.
e: file:///home/alisher/basecamp/modules/receiver-android/android/app/src/main/java/com/receiverandroid/OnionOkHttpPlugin.kt:27:1 Class 'OnionOkHttpPlugin' is not abstract and does not implement abstract members:
fun onInstanceCreated(id: String, player: ExoPlayer): Unit
fun onInstanceRemoved(id: String, player: ExoPlayer): Unit
e: file:///home/alisher/basecamp/modules/receiver-android/android/app/src/main/java/com/receiverandroid/OnionOkHttpPlugin.kt:31:24 Interface 'interface Dns : Any' does not have constructors.
e: file:///home/alisher/basecamp/modules/receiver-android/android/app/src/main/java/com/receiverandroid/OnionOkHttpPlugin.kt:31:30 Cannot infer type for this parameter. Specify it explicitly.

FAILURE: Build failed with an exception.

* What went wrong:
Execution failed for task ':app:compileDebugKotlin'.
> A failure occurred while executing org.jetbrains.kotlin.compilerRunner.GradleCompilerRunnerWithWorkers$GradleKotlinCompilerWorkAction
   > Compilation error. See log for more details

* Try:
> Run with --stacktrace option to get the stack trace.
> Run with --info or --debug option to get more log output.
> Run with --scan to get full insights from a Build Scan (powered by Develocity).
> Get more help at https://help.gradle.org.

BUILD FAILED in 18s
error Failed to install the app. Command failed with exit code 1: ./gradlew app:installDebug -PreactNativeDevServerPort=8081
Note: Some input files use or override a deprecated API.
Note: Recompile with -Xlint:deprecation for details.
Note: /home/alisher/basecamp/modules/receiver-android/node_modules/react-native-video/android/src/main/java/com/brentvatne/exoplayer/ReactExoplayerView.java uses unchecked or unsafe operations.
Note: Recompile with -Xlint:unchecked for details.
e: file:///home/alisher/basecamp/modules/receiver-android/android/app/src/main/java/com/receiverandroid/OnionOkHttpPlugin.kt:27:1 Class 'OnionOkHttpPlugin' is not abstract and does not implement abstract members:
fun onInstanceCreated(id: String, player: ExoPlayer): Unit
fun onInstanceRemoved(id: String, player: ExoPlayer): Unit
e: file:///home/alisher/basecamp/modules/receiver-android/android/app/src/main/java/com/receiverandroid/OnionOkHttpPlugin.kt:31:24 Interface 'interface Dns : Any' does not have constructors.
e: file:///home/alisher/basecamp/modules/receiver-android/android/app/src/main/java/com/receiverandroid/OnionOkHttpPlugin.kt:31:30 Cannot infer type for this parameter. Specify it explicitly. FAILURE: Build failed with an exception. * What went wrong:
Execution failed for task ':app:compileDebugKotlin'.
> A failure occurred while executing org.jetbrains.kotlin.compilerRunner.GradleCompilerRunnerWithWorkers$GradleKotlinCompilerWorkAction > Compilation error. See log for more details * Try:
> Run with --stacktrace option to get the stack trace.
> Run with --info or --debug option to get more log output.
> Run with --scan to get full insights from a Build Scan (powered by Develocity).
> Get more help at https://help.gradle.org. BUILD FAILED in 18s.
info Run CLI with --verbose flag for more details.
