
Welcome to React Native v0.86
Starting dev server on http://localhost:8081

[34m
                        ▒▒▓▓▓▓▒▒
                     ▒▓▓▓▒▒░░▒▒▓▓▓▒
                  ▒▓▓▓▓░░░▒▒▒▒░░░▓▓▓▓▒
                 ▓▓▒▒▒▓▓▓▓▓▓▓▓▓▓▓▓▒▒▒▓▓
                 ▓▓░░░░░▒▓▓▓▓▓▓▒░░░░░▓▓
                 ▓▓░░▓▓▒░░░▒▒░░░▒▓▒░░▓▓
                 ▓▓░░▓▓▓▓▓▒▒▒▒▓▓▓▓▒░░▓▓
                 ▓▓░░▓▓▓▓▓▓▓▓▓▓▓▓▓▒░░▓▓
                 ▓▓▒░░▒▒▓▓▓▓▓▓▓▓▒░░░▒▓▓
                  ▒▓▓▓▒░░░▒▓▓▒░░░▒▓▓▓▒
                     ▒▓▓▓▒░░░░▒▓▓▓▒
                        ▒▒▓▓▓▓▒▒

[39m
[33m[7m[1m WARN [22m[27m[39m the transform cache was reset.
[34m[1m                Welcome to Metro [37mv0.84.4[39m
[22m[39m[2m              Fast - Scalable - Integrated

[22m
[36m[7m[1m INFO [22m[27m[39m Dev server ready. Press Ctrl+C to exit.
[36m[7m[1m INFO [22m[27m[39m Interactive mode is not supported in this environment
[31m[7m[1m ERROR [22m[27m[39m An unknown error occurred while installing React Native DevTools. Details:

[1266242:0705/185441.910450:FATAL:sandbox/linux/suid/client/setuid_sandbox_host.cc:166] The SUID sandbox helper binary was found, but is not configured correctly. Rather than run without sandboxing I'm aborting now. You need to make sure that /home/alisher/.cache/dotslash/64/ed7915e5fef86802e862c274e17f780fa75388/React Native DevTools-linux-x64/chrome-sandbox is owned by root and has mode 4755.

[33m[7m[1m BUNDLE [22m[27m[39m[0m[2m ./[22m[0m[1mindex.js[22m [32m[42m[49m[39m[47m[37m░░░░░░░░░░░░░░░░[39m[49m[1m 0% [22m[2m(0/1)[22m
[33m[7m[1m BUNDLE [22m[27m[39m[0m[2m ./[22m[0m[1mindex.js[22m [32m[42m▓▓▓▓▓▓▓▓▓▓▓▓▓▓▓[49m[39m[47m[37m░[39m[49m[1m 99% [22m[2m(523/525)[22m
[32m[7m[1m BUNDLE [22m[27m[39m[0m[2m ./[22m[0m[1mindex.js[22m 
[33m[7m[1m BUNDLE [22m[27m[39m[0m[2m ./[22m[0m[1mindex.js[22m [32m[42m[49m[39m[47m[37m░░░░░░░░░░░░░░░░[39m[49m[1m 0% [22m[2m(0/1)[22m
[32m[7m[1m BUNDLE [22m[27m[39m[0m[2m ./[22m[0m[1mindex.js[22m 
